<?xml version="1.0" encoding="UTF-8"?>
<!-- Generated by org.testng.reporters.JUnitXMLReporter -->
<testsuite ignored="0" hostname="MacBookPro" failures="0" tests="4" name="Surefire test" time="5.09" errors="0" timestamp="2025-05-13T15:41:26 CEST">
  <testcase classname="api.PetCrudTests" name="createPet" time="2.697"/>
  <testcase classname="api.PetCrudTests" name="getPet" time="0.606"/>
  <testcase classname="api.PetCrudTests" name="updatePet" time="0.559"/>
  <testcase classname="api.PetCrudTests" name="deletePet" time="0.543"/>
</testsuite> <!-- Surefire test -->
