<?xml version="1.0" encoding="UTF-8"?>
<testng-results ignored="0" total="4" passed="4" failed="0" skipped="0">
  <reporter-output>
  </reporter-output>
  <suite started-at="2025-05-13T15:41:21 CEST" name="Surefire suite" finished-at="2025-05-13T15:41:26 CEST" duration-ms="5090">
    <groups>
    </groups>
    <test started-at="2025-05-13T15:41:21 CEST" name="Surefire test" finished-at="2025-05-13T15:41:26 CEST" duration-ms="5090">
      <class name="api.PetCrudTests">
        <test-method is-config="true" signature="setup()[pri:0, instance:api.PetCrudTests@dd3b207]" started-at="2025-05-13T15:41:21 CEST" name="setup" finished-at="2025-05-13T15:41:22 CEST" duration-ms="636" status="PASS">
          <reporter-output>
          </reporter-output>
        </test-method> <!-- setup -->
        <test-method signature="createPet()[pri:1, instance:api.PetCrudTests@dd3b207]" started-at="2025-05-13T15:41:22 CEST" name="createPet" finished-at="2025-05-13T15:41:24 CEST" duration-ms="2697" status="PASS">
          <reporter-output>
          </reporter-output>
        </test-method> <!-- createPet -->
        <test-method signature="getPet()[pri:2, instance:api.PetCrudTests@dd3b207]" started-at="2025-05-13T15:41:24 CEST" name="getPet" finished-at="2025-05-13T15:41:25 CEST" duration-ms="606" status="PASS">
          <reporter-output>
          </reporter-output>
        </test-method> <!-- getPet -->
        <test-method signature="updatePet()[pri:3, instance:api.PetCrudTests@dd3b207]" started-at="2025-05-13T15:41:25 CEST" name="updatePet" finished-at="2025-05-13T15:41:26 CEST" duration-ms="559" status="PASS">
          <reporter-output>
          </reporter-output>
        </test-method> <!-- updatePet -->
        <test-method signature="deletePet()[pri:4, instance:api.PetCrudTests@dd3b207]" started-at="2025-05-13T15:41:26 CEST" name="deletePet" finished-at="2025-05-13T15:41:26 CEST" duration-ms="543" status="PASS">
          <reporter-output>
          </reporter-output>
        </test-method> <!-- deletePet -->
      </class> <!-- api.PetCrudTests -->
    </test> <!-- Surefire test -->
  </suite> <!-- Surefire suite -->
</testng-results>
